<?xml version="1.0" encoding="UTF-8"?>
<!-- Generated by org.testng.reporters.JUnitXMLReporter -->
<testsuite ignored="0" hostname="Roneet-MH" failures="1" tests="2" name="Test" time="17.696" errors="0" timestamp="2023-05-15T14:02:01 IST">
  <testcase classname="PracticeTests.HomepageTests" name="ValidateHeaderElements" time="0.861">
    <failure type="java.lang.AssertionError" message="expected [false] but found [true]">
      <![CDATA[java.lang.AssertionError: expected [false] but found [true]
at PracticeTests.HomepageTests.ValidateHeaderElements(HomepageTests.java:30)
at java.base/java.util.ArrayList.forEach(ArrayList.java:1511)
... Removed 34 stack frames]]>
    </failure>
  </testcase> <!-- ValidateHeaderElements -->
  <testcase classname="PracticeTests.HomepageTests" name="ValidateHomePageElements" time="0.705"/>
</testsuite> <!-- Test -->
